<?xml version="1.0" encoding="UTF-8"?>
<coverage generated="1692887191074" clover="3.2.0">
  <project timestamp="1692887191076" name="All files">
    <metrics statements="11" coveredstatements="11" conditionals="4" coveredconditionals="4" methods="5" coveredmethods="5" elements="20" coveredelements="20" complexity="0" loc="11" ncloc="11" packages="1" files="1" classes="1"/>
    <file name="PositiveArray.ts" path="/home/marceloaugusto/Documentos/LP2/avaliacao01/src/models/PositiveArray.ts">
      <metrics statements="11" coveredstatements="11" conditionals="4" coveredconditionals="4" methods="5" coveredmethods="5"/>
      <line num="4" count="1" type="stmt"/>
      <line num="8" count="1" type="stmt"/>
      <line num="16" count="4" type="cond" truecount="1" falsecount="0"/>
      <line num="17" count="4" type="stmt"/>
      <line num="27" count="2" type="cond" truecount="3" falsecount="0"/>
      <line num="28" count="1" type="stmt"/>
      <line num="29" count="1" type="stmt"/>
      <line num="34" count="1" type="stmt"/>
      <line num="37" count="1" type="stmt"/>
      <line num="44" count="1" type="stmt"/>
      <line num="48" count="2" type="stmt"/>
    </file>
  </project>
</coverage>
